2013-03-14 00:41:56
---Sale for Mad Moose Creations Start
===Address Information
       Name: Tarrant Cutler
    Address: 68 Barley Neck Rd
       City: Orleans
      State: MA
   Zip code: 02653
  Phone Nbr: 7813420204
      eMail: tarrant.cutler@gmail.com
===Invoice Information
       Type: Standard
       Size: Medium
     Fabric: 
 Item Price: 20.95
   Quantity: 1
 Line Total: 20.95
        Total Order: 20.95
Shipping and Handle: 1.50
        Grand Total: 22.45
   Total Line Items: 1
---Sale for Mad Moose Creations End
Mail retrncode = 1

2013-03-14 00:41:56
2013-03-14 00:48:04
---Sale for Mad Moose Creations Start
===Address Information
       Name: Tarrant Cutler Jr
    Address: 68 Barley Neck Rd
       City: Orleans
      State: MA
   Zip code: 02653
  Phone Nbr: 781-342-0204
      eMail: tarrant.cutler@gmail.com
===Invoice Information
       Type: Standard
       Size: Large
     Fabric: Gold
 Item Price: 24.95
   Quantity: 1
 Line Total: 24.95
        Total Order: 24.95
Shipping and Handle: 1.50
        Grand Total: 26.45
   Total Line Items: 1
---Sale for Mad Moose Creations End
Mail retrncode = 1

2013-03-14 00:48:04
